# JRE version: Java(TM) SE Runtime Environment (7.0_71-b14) (build 1.7.0_71-b14)
# Java VM: Java HotSpot(TM) 64-Bit Server VM (24.71-b01 mixed mode windows-amd64 compressed oops)
Heap
 PSYoungGen      total 147968K, used 99795K [0x00000000f5500000, 0x0000000100000000, 0x0000000100000000)
  eden space 122368K, 68% used [0x00000000f5500000,0x00000000fa6af5c0,0x00000000fcc80000)
  from space 25600K, 63% used [0x00000000fcc80000,0x00000000fdc45860,0x00000000fe580000)
  to   space 25600K, 0% used [0x00000000fe700000,0x00000000fe700000,0x0000000100000000)
 ParOldGen       total 85504K, used 67725K [0x00000000e0000000, 0x00000000e5380000, 0x00000000f5500000)
  object space 85504K, 79% used [0x00000000e0000000,0x00000000e4223400,0x00000000e5380000)
 PSPermGen       total 80384K, used 59704K [0x00000000d0000000, 0x00000000d4e80000, 0x00000000e0000000)
  object space 80384K, 74% used [0x00000000d0000000,0x00000000d3a4e2a8,0x00000000d4e80000)
GC Heap History (10 events):
Event: 15.475 GC heap before
{Heap before GC invocations=10 (full 1):
 PSYoungGen      total 145920K, used 13825K [0x00000000f5500000, 0x0000000100000000, 0x0000000100000000)
  eden space 116736K, 0% used [0x00000000f5500000,0x00000000f5500000,0x00000000fc700000)
  from space 29184K, 47% used [0x00000000fc700000,0x00000000fd4807c0,0x00000000fe380000)
  to   space 27648K, 0% used [0x00000000fe500000,0x00000000fe500000,0x0000000100000000)
 ParOldGen       total 85504K, used 41809K [0x00000000e0000000, 0x00000000e5380000, 0x00000000f5500000)
  object space 85504K, 48% used [0x00000000e0000000,0x00000000e28d4760,0x00000000e5380000)
 PSPermGen       total 40448K, used 40042K [0x00000000d0000000, 0x00000000d2780000, 0x00000000e0000000)
  object space 40448K, 98% used [0x00000000d0000000,0x00000000d271a8b0,0x00000000d2780000)
Event: 15.709 GC heap after
Heap after GC invocations=10 (full 1):
 PSYoungGen      total 145920K, used 0K [0x00000000f5500000, 0x0000000100000000, 0x0000000100000000)
  eden space 116736K, 0% used [0x00000000f5500000,0x00000000f5500000,0x00000000fc700000)
  from space 29184K, 0% used [0x00000000fc700000,0x00000000fc700000,0x00000000fe380000)
  to   space 27648K, 0% used [0x00000000fe500000,0x00000000fe500000,0x0000000100000000)
 ParOldGen       total 85504K, used 40594K [0x00000000e0000000, 0x00000000e5380000, 0x00000000f5500000)
  object space 85504K, 47% used [0x00000000e0000000,0x00000000e27a4b40,0x00000000e5380000)
 PSPermGen       total 80384K, used 39985K [0x00000000d0000000, 0x00000000d4e80000, 0x00000000e0000000)
  object space 80384K, 49% used [0x00000000d0000000,0x00000000d270c600,0x00000000d4e80000)
}
Event: 17.794 GC heap before
{Heap before GC invocations=11 (full 1):
 PSYoungGen      total 145920K, used 116736K [0x00000000f5500000, 0x0000000100000000, 0x0000000100000000)
  eden space 116736K, 100% used [0x00000000f5500000,0x00000000fc700000,0x00000000fc700000)
  from space 29184K, 0% used [0x00000000fc700000,0x00000000fc700000,0x00000000fe380000)
  to   space 27648K, 0% used [0x00000000fe500000,0x00000000fe500000,0x0000000100000000)
 ParOldGen       total 85504K, used 40594K [0x00000000e0000000, 0x00000000e5380000, 0x00000000f5500000)
  object space 85504K, 47% used [0x00000000e0000000,0x00000000e27a4b40,0x00000000e5380000)
 PSPermGen       total 80384K, used 44552K [0x00000000d0000000, 0x00000000d4e80000, 0x00000000e0000000)
  object space 80384K, 55% used [0x00000000d0000000,0x00000000d2b82030,0x00000000d4e80000)
Event: 17.817 GC heap after
Heap after GC invocations=11 (full 1):
 PSYoungGen      total 142336K, used 13906K [0x00000000f5500000, 0x00000000ffc80000, 0x0000000100000000)
  eden space 118272K, 0% used [0x00000000f5500000,0x00000000f5500000,0x00000000fc880000)
  from space 24064K, 57% used [0x00000000fe500000,0x00000000ff294930,0x00000000ffc80000)
  to   space 26624K, 0% used [0x00000000fc880000,0x00000000fc880000,0x00000000fe280000)
 ParOldGen       total 85504K, used 40594K [0x00000000e0000000, 0x00000000e5380000, 0x00000000f5500000)
  object space 85504K, 47% used [0x00000000e0000000,0x00000000e27a4b40,0x00000000e5380000)
 PSPermGen       total 80384K, used 44552K [0x00000000d0000000, 0x00000000d4e80000, 0x00000000e0000000)
  object space 80384K, 55% used [0x00000000d0000000,0x00000000d2b82030,0x00000000d4e80000)
}
Event: 35.098 GC heap before
{Heap before GC invocations=12 (full 1):
 PSYoungGen      total 142336K, used 132178K [0x00000000f5500000, 0x00000000ffc80000, 0x0000000100000000)
  eden space 118272K, 100% used [0x00000000f5500000,0x00000000fc880000,0x00000000fc880000)
  from space 24064K, 57% used [0x00000000fe500000,0x00000000ff294930,0x00000000ffc80000)
  to   space 26624K, 0% used [0x00000000fc880000,0x00000000fc880000,0x00000000fe280000)
 ParOldGen       total 85504K, used 40594K [0x00000000e0000000, 0x00000000e5380000, 0x00000000f5500000)
  object space 85504K, 47% used [0x00000000e0000000,0x00000000e27a4b40,0x00000000e5380000)
 PSPermGen       total 80384K, used 48420K [0x00000000d0000000, 0x00000000d4e80000, 0x00000000e0000000)
  object space 80384K, 60% used [0x00000000d0000000,0x00000000d2f49090,0x00000000d4e80000)
Event: 35.112 GC heap after
Heap after GC invocations=12 (full 1):
 PSYoungGen      total 144896K, used 9569K [0x00000000f5500000, 0x0000000100000000, 0x0000000100000000)
  eden space 118272K, 0% used [0x00000000f5500000,0x00000000f5500000,0x00000000fc880000)
  from space 26624K, 35% used [0x00000000fc880000,0x00000000fd1d8708,0x00000000fe280000)
  to   space 26112K, 0% used [0x00000000fe680000,0x00000000fe680000,0x0000000100000000)
 ParOldGen       total 85504K, used 49251K [0x00000000e0000000, 0x00000000e5380000, 0x00000000f5500000)
  object space 85504K, 57% used [0x00000000e0000000,0x00000000e3018e00,0x00000000e5380000)
 PSPermGen       total 80384K, used 48420K [0x00000000d0000000, 0x00000000d4e80000, 0x00000000e0000000)
  object space 80384K, 60% used [0x00000000d0000000,0x00000000d2f49090,0x00000000d4e80000)
}
Event: 36.023 GC heap before
{Heap before GC invocations=13 (full 1):
 PSYoungGen      total 144896K, used 127841K [0x00000000f5500000, 0x0000000100000000, 0x0000000100000000)
  eden space 118272K, 100% used [0x00000000f5500000,0x00000000fc880000,0x00000000fc880000)
  from space 26624K, 35% used [0x00000000fc880000,0x00000000fd1d8708,0x00000000fe280000)
  to   space 26112K, 0% used [0x00000000fe680000,0x00000000fe680000,0x0000000100000000)
 ParOldGen       total 85504K, used 49251K [0x00000000e0000000, 0x00000000e5380000, 0x00000000f5500000)
  object space 85504K, 57% used [0x00000000e0000000,0x00000000e3018e00,0x00000000e5380000)
 PSPermGen       total 80384K, used 53508K [0x00000000d0000000, 0x00000000d4e80000, 0x00000000e0000000)
  object space 80384K, 66% used [0x00000000d0000000,0x00000000d34411c0,0x00000000d4e80000)
Event: 36.038 GC heap after
Heap after GC invocations=13 (full 1):
 PSYoungGen      total 146944K, used 15111K [0x00000000f5500000, 0x00000000ffe80000, 0x0000000100000000)
  eden space 122368K, 0% used [0x00000000f5500000,0x00000000f5500000,0x00000000fcc80000)
  from space 24576K, 61% used [0x00000000fe680000,0x00000000ff541cf0,0x00000000ffe80000)
  to   space 25600K, 0% used [0x00000000fcc80000,0x00000000fcc80000,0x00000000fe580000)
 ParOldGen       total 85504K, used 55954K [0x00000000e0000000, 0x00000000e5380000, 0x00000000f5500000)
  object space 85504K, 65% used [0x00000000e0000000,0x00000000e36a4a68,0x00000000e5380000)
 PSPermGen       total 80384K, used 53508K [0x00000000d0000000, 0x00000000d4e80000, 0x00000000e0000000)
  object space 80384K, 66% used [0x00000000d0000000,0x00000000d34411c0,0x00000000d4e80000)
}
Event: 38.280 GC heap before
{Heap before GC invocations=14 (full 1):
 PSYoungGen      total 146944K, used 137479K [0x00000000f5500000, 0x00000000ffe80000, 0x0000000100000000)
  eden space 122368K, 100% used [0x00000000f5500000,0x00000000fcc80000,0x00000000fcc80000)
  from space 24576K, 61% used [0x00000000fe680000,0x00000000ff541cf0,0x00000000ffe80000)
  to   space 25600K, 0% used [0x00000000fcc80000,0x00000000fcc80000,0x00000000fe580000)
 ParOldGen       total 85504K, used 55954K [0x00000000e0000000, 0x00000000e5380000, 0x00000000f5500000)
  object space 85504K, 65% used [0x00000000e0000000,0x00000000e36a4a68,0x00000000e5380000)
 PSPermGen       total 80384K, used 58671K [0x00000000d0000000, 0x00000000d4e80000, 0x00000000e0000000)
  object space 80384K, 72% used [0x00000000d0000000,0x00000000d394bc90,0x00000000d4e80000)
Event: 38.297 GC heap after
Heap after GC invocations=14 (full 1):
 PSYoungGen      total 147968K, used 16150K [0x00000000f5500000, 0x0000000100000000, 0x0000000100000000)
  eden space 122368K, 0% used [0x00000000f5500000,0x00000000f5500000,0x00000000fcc80000)
  from space 25600K, 63% used [0x00000000fcc80000,0x00000000fdc45860,0x00000000fe580000)
  to   space 25600K, 0% used [0x00000000fe700000,0x00000000fe700000,0x0000000100000000)
 ParOldGen       total 85504K, used 67725K [0x00000000e0000000, 0x00000000e5380000, 0x00000000f5500000)
  object space 85504K, 79% used [0x00000000e0000000,0x00000000e4223400,0x00000000e5380000)
 PSPermGen       total 80384K, used 58671K [0x00000000d0000000, 0x00000000d4e80000, 0x00000000e0000000)
  object space 80384K, 72% used [0x00000000d0000000,0x00000000d394bc90,0x00000000d4e80000)
}

